# JRE version: OpenJDK Runtime Environment (8.0_242-b01) (build 1.8.0_242-release-1644-b01)
# Java VM: OpenJDK 64-Bit Server VM (25.242-b01 mixed mode windows-amd64 compressed oops)
Heap:
 PSYoungGen      total 508416K, used 437835K [0x00000000d5580000, 0x00000000faa80000, 0x0000000100000000)
  eden space 429056K, 100% used [0x00000000d5580000,0x00000000ef880000,0x00000000ef880000)
  from space 79360K, 11% used [0x00000000f3f80000,0x00000000f4812ed0,0x00000000f8d00000)
  to   space 72704K, 0% used [0x00000000ef880000,0x00000000ef930000,0x00000000f3f80000)
 ParOldGen       total 133632K, used 116921K [0x0000000080000000, 0x0000000088280000, 0x00000000d5580000)
  object space 133632K, 87% used [0x0000000080000000,0x000000008722e520,0x0000000088280000)
 Metaspace       used 123611K, capacity 133198K, committed 137240K, reserved 1169408K
  class space    used 15730K, capacity 17299K, committed 18224K, reserved 1048576K
GC Heap History (10 events):
Event: 13522.242 GC heap before
{Heap before GC invocations=85 (full 7):
 PSYoungGen      total 450560K, used 379069K [0x00000000d5580000, 0x00000000f9200000, 0x0000000100000000)
  eden space 363008K, 100% used [0x00000000d5580000,0x00000000eb800000,0x00000000eb800000)
  from space 87552K, 18% used [0x00000000eb800000,0x00000000ec7af620,0x00000000f0d80000)
  to   space 84480K, 0% used [0x00000000f3f80000,0x00000000f3f80000,0x00000000f9200000)
 ParOldGen       total 133632K, used 99915K [0x0000000080000000, 0x0000000088280000, 0x00000000d5580000)
  object space 133632K, 74% used [0x0000000080000000,0x0000000086192e98,0x0000000088280000)
 Metaspace       used 123477K, capacity 133120K, committed 137240K, reserved 1169408K
  class space    used 15730K, capacity 17298K, committed 18224K, reserved 1048576K
Event: 13522.279 GC heap after
Heap after GC invocations=85 (full 7):
 PSYoungGen      total 494592K, used 9821K [0x00000000d5580000, 0x00000000f8d00000, 0x0000000100000000)
  eden space 415232K, 0% used [0x00000000d5580000,0x00000000d5580000,0x00000000eeb00000)
  from space 79360K, 12% used [0x00000000f3f80000,0x00000000f4917670,0x00000000f8d00000)
  to   space 82944K, 0% used [0x00000000eeb00000,0x00000000eeb00000,0x00000000f3c00000)
 ParOldGen       total 133632K, used 101943K [0x0000000080000000, 0x0000000088280000, 0x00000000d5580000)
  object space 133632K, 76% used [0x0000000080000000,0x000000008638deb8,0x0000000088280000)
 Metaspace       used 123477K, capacity 133120K, committed 137240K, reserved 1169408K
  class space    used 15730K, capacity 17298K, committed 18224K, reserved 1048576K
}
Event: 13523.820 GC heap before
{Heap before GC invocations=86 (full 7):
 PSYoungGen      total 494592K, used 425053K [0x00000000d5580000, 0x00000000f8d00000, 0x0000000100000000)
  eden space 415232K, 100% used [0x00000000d5580000,0x00000000eeb00000,0x00000000eeb00000)
  from space 79360K, 12% used [0x00000000f3f80000,0x00000000f4917670,0x00000000f8d00000)
  to   space 82944K, 0% used [0x00000000eeb00000,0x00000000eeb00000,0x00000000f3c00000)
 ParOldGen       total 133632K, used 101943K [0x0000000080000000, 0x0000000088280000, 0x00000000d5580000)
  object space 133632K, 76% used [0x0000000080000000,0x000000008638deb8,0x0000000088280000)
 Metaspace       used 123501K, capacity 133124K, committed 137240K, reserved 1169408K
  class space    used 15730K, capacity 17298K, committed 18224K, reserved 1048576K
Event: 13523.860 GC heap after
Heap after GC invocations=86 (full 7):
 PSYoungGen      total 498176K, used 14301K [0x00000000d5580000, 0x00000000f8d00000, 0x0000000100000000)
  eden space 415232K, 0% used [0x00000000d5580000,0x00000000d5580000,0x00000000eeb00000)
  from space 82944K, 17% used [0x00000000eeb00000,0x00000000ef8f7698,0x00000000f3c00000)
  to   space 79360K, 0% used [0x00000000f3f80000,0x00000000f3f80000,0x00000000f8d00000)
 ParOldGen       total 133632K, used 104815K [0x0000000080000000, 0x0000000088280000, 0x00000000d5580000)
  object space 133632K, 78% used [0x0000000080000000,0x000000008665bed8,0x0000000088280000)
 Metaspace       used 123501K, capacity 133124K, committed 137240K, reserved 1169408K
  class space    used 15730K, capacity 17298K, committed 18224K, reserved 1048576K
}
Event: 13525.419 GC heap before
{Heap before GC invocations=87 (full 7):
 PSYoungGen      total 498176K, used 429533K [0x00000000d5580000, 0x00000000f8d00000, 0x0000000100000000)
  eden space 415232K, 100% used [0x00000000d5580000,0x00000000eeb00000,0x00000000eeb00000)
  from space 82944K, 17% used [0x00000000eeb00000,0x00000000ef8f7698,0x00000000f3c00000)
  to   space 79360K, 0% used [0x00000000f3f80000,0x00000000f3f80000,0x00000000f8d00000)
 ParOldGen       total 133632K, used 104815K [0x0000000080000000, 0x0000000088280000, 0x00000000d5580000)
  object space 133632K, 78% used [0x0000000080000000,0x000000008665bed8,0x0000000088280000)
 Metaspace       used 123516K, capacity 133188K, committed 137240K, reserved 1169408K
  class space    used 15730K, capacity 17298K, committed 18224K, reserved 1048576K
Event: 13525.471 GC heap after
Heap after GC invocations=87 (full 7):
 PSYoungGen      total 494592K, used 12078K [0x00000000d5580000, 0x00000000f8d00000, 0x0000000100000000)
  eden space 415232K, 0% used [0x00000000d5580000,0x00000000d5580000,0x00000000eeb00000)
  from space 79360K, 15% used [0x00000000f3f80000,0x00000000f4b4ba08,0x00000000f8d00000)
  to   space 82944K, 0% used [0x00000000eeb00000,0x00000000eeb00000,0x00000000f3c00000)
 ParOldGen       total 133632K, used 107924K [0x0000000080000000, 0x0000000088280000, 0x00000000d5580000)
  object space 133632K, 80% used [0x0000000080000000,0x0000000086965208,0x0000000088280000)
 Metaspace       used 123516K, capacity 133188K, committed 137240K, reserved 1169408K
  class space    used 15730K, capacity 17298K, committed 18224K, reserved 1048576K
}
Event: 13527.354 GC heap before
{Heap before GC invocations=88 (full 7):
 PSYoungGen      total 494592K, used 427310K [0x00000000d5580000, 0x00000000f8d00000, 0x0000000100000000)
  eden space 415232K, 100% used [0x00000000d5580000,0x00000000eeb00000,0x00000000eeb00000)
  from space 79360K, 15% used [0x00000000f3f80000,0x00000000f4b4ba08,0x00000000f8d00000)
  to   space 82944K, 0% used [0x00000000eeb00000,0x00000000eeb00000,0x00000000f3c00000)
 ParOldGen       total 133632K, used 107924K [0x0000000080000000, 0x0000000088280000, 0x00000000d5580000)
  object space 133632K, 80% used [0x0000000080000000,0x0000000086965208,0x0000000088280000)
 Metaspace       used 123532K, capacity 133188K, committed 137240K, reserved 1169408K
  class space    used 15730K, capacity 17298K, committed 18224K, reserved 1048576K
Event: 13527.391 GC heap after
Heap after GC invocations=88 (full 7):
 PSYoungGen      total 498176K, used 5989K [0x00000000d5580000, 0x00000000f8d00000, 0x0000000100000000)
  eden space 415232K, 0% used [0x00000000d5580000,0x00000000d5580000,0x00000000eeb00000)
  from space 82944K, 7% used [0x00000000eeb00000,0x00000000ef0d9718,0x00000000f3c00000)
  to   space 79360K, 0% used [0x00000000f3f80000,0x00000000f3f80000,0x00000000f8d00000)
 ParOldGen       total 133632K, used 112738K [0x0000000080000000, 0x0000000088280000, 0x00000000d5580000)
  object space 133632K, 84% used [0x0000000080000000,0x0000000086e18890,0x0000000088280000)
 Metaspace       used 123532K, capacity 133188K, committed 137240K, reserved 1169408K
  class space    used 15730K, capacity 17298K, committed 18224K, reserved 1048576K
}
Event: 13528.929 GC heap before
{Heap before GC invocations=89 (full 7):
 PSYoungGen      total 498176K, used 421221K [0x00000000d5580000, 0x00000000f8d00000, 0x0000000100000000)
  eden space 415232K, 100% used [0x00000000d5580000,0x00000000eeb00000,0x00000000eeb00000)
  from space 82944K, 7% used [0x00000000eeb00000,0x00000000ef0d9718,0x00000000f3c00000)
  to   space 79360K, 0% used [0x00000000f3f80000,0x00000000f3f80000,0x00000000f8d00000)
 ParOldGen       total 133632K, used 112738K [0x0000000080000000, 0x0000000088280000, 0x00000000d5580000)
  object space 133632K, 84% used [0x0000000080000000,0x0000000086e18890,0x0000000088280000)
 Metaspace       used 123578K, capacity 133192K, committed 137240K, reserved 1169408K
  class space    used 15730K, capacity 17298K, committed 18224K, reserved 1048576K
Event: 13528.953 GC heap after
Heap after GC invocations=89 (full 7):
 PSYoungGen      total 508416K, used 8779K [0x00000000d5580000, 0x00000000faa80000, 0x0000000100000000)
  eden space 429056K, 0% used [0x00000000d5580000,0x00000000d5580000,0x00000000ef880000)
  from space 79360K, 11% used [0x00000000f3f80000,0x00000000f4812ed0,0x00000000f8d00000)
  to   space 72704K, 0% used [0x00000000ef880000,0x00000000ef880000,0x00000000f3f80000)
 ParOldGen       total 133632K, used 115448K [0x0000000080000000, 0x0000000088280000, 0x00000000d5580000)
  object space 133632K, 86% used [0x0000000080000000,0x00000000870be0e0,0x0000000088280000)
 Metaspace       used 123578K, capacity 133192K, committed 137240K, reserved 1169408K
  class space    used 15730K, capacity 17298K, committed 18224K, reserved 1048576K
}

